#
# There is insufficient memory for the Java Runtime Environment to continue.
# Native memory allocation (mmap) failed to map 134217728 bytes for Failed to commit area from 0x0000000081600000 to 0x0000000089600000 of length 134217728.
# Possible reasons:
#   The system is out of physical RAM or swap space
#   The process is running with CompressedOops enabled, and the Java Heap may be blocking the growth of the native heap
# Possible solutions:
#   Reduce memory load on the system
#   Increase physical memory or swap space
#   Check if swap backing store is full
#   Decrease Java heap size (-Xmx/-Xms)
#   Decrease number of Java threads
#   Decrease Java thread stack sizes (-Xss)
#   Set larger code cache with -XX:ReservedCodeCacheSize=
# This output file may be truncated or incomplete.
#
#  Out of Memory Error (src/hotspot/os/windows/os_windows.cpp:3627), pid=2276, tid=5668
#
# JRE version:  (11.0.15+10) (build )
# Java VM: OpenJDK 64-Bit Server VM (11.0.15+10-b2043.56, mixed mode, sharing, tiered, compressed oops, g1 gc, windows-amd64)
# No core dump will be written. Minidumps are not enabled by default on client versions of Windows
#

---------------  S U M M A R Y ------------

Command Line: git4idea.http.GitAskPassApp Username for 'https://gitlab.com': 

Host: Intel(R) Core(TM) i5-8250U CPU @ 1.60GHz, 8 cores, 7G,  Windows 10 , 64 bit Build 19041 (10.0.19041.3636)
Time: Sun Apr 14 18:49:40 2024 Russia TZ 3 Standard Time elapsed time: 0.042576 seconds (0d 0h 0m 0s)

---------------  T H R E A D  ---------------

Current thread (0x00000298ae045000):  JavaThread "Unknown thread" [_thread_in_vm, id=5668, stack(0x000000cff2e00000,0x000000cff2f00000)]

Stack: [0x000000cff2e00000,0x000000cff2f00000]
Native frames: (J=compiled Java code, j=interpreted, Vv=VM code, C=native code)
V  [jvm.dll+0x61612a]
V  [jvm.dll+0x79c450]
V  [jvm.dll+0x79da6d]
V  [jvm.dll+0x79e143]
V  [jvm.dll+0x24cc18]
V  [jvm.dll+0x613174]
V  [jvm.dll+0x607e55]
V  [jvm.dll+0x30b1cb]
V  [jvm.dll+0x30b13a]
V  [jvm.dll+0x30b012]
V  [jvm.dll+0x30ff76]
V  [jvm.dll+0x35b4c3]
V  [jvm.dll+0x35bbc6]
V  [jvm.dll+0x35b5c3]
V  [jvm.dll+0x2e5918]
V  [jvm.dll+0x2e6ab7]
V  [jvm.dll+0x7794f7]
V  [jvm.dll+0x77acec]
V  [jvm.dll+0x368a59]
V  [jvm.dll+0x75ce8e]
V  [jvm.dll+0x3d6a33]
V  [jvm.dll+0x3d9001]
C  [jli.dll+0x536b]
C  [ucrtbase.dll+0x21bb2]
C  [KERNEL32.DLL+0x17344]
C  [ntdll.dll+0x526b1]


---------------  P R O C E S S  ---------------

Threads class SMR info:
_java_thread_list=0x00000298abf24b80, length=0, elements={
}

Java Threads: ( => current thread )

Other Threads:
  0x00000298ae060000 GCTaskThread "GC Thread#0" [stack: 0x000000cff2f00000,0x000000cff3000000] [id=6156]
  0x00000298ae090800 ConcurrentGCThread "G1 Main Marker" [stack: 0x000000cff3000000,0x000000cff3100000] [id=24528]
  0x00000298ae097000 ConcurrentGCThread "G1 Conc#0" [stack: 0x000000cff3100000,0x000000cff3200000] [id=7928]

[error occurred during error reporting (printing all threads), id 0xc0000005, EXCEPTION_ACCESS_VIOLATION (0xc0000005) at pc=0x00007ffcd6866017]

VM state:not at safepoint (not fully initialized)

VM Mutex/Monitor currently owned by a thread:  ([mutex/lock_event])
[0x00000298ae0417e0] Heap_lock - owner thread: 0x00000298ae045000

Heap address: 0x0000000081600000, size: 2026 MB, Compressed Oops mode: Non-zero based: 0x0000000081600000
Narrow klass base: 0x0000000000000000, Narrow klass shift: 0

GC Heap History (0 events):
No events

Deoptimization events (0 events):
No events

Classes redefined (0 events):
No events

Internal exceptions (0 events):
No events

Events (1 events):
Event: 0.026 Loaded shared library C:\Program Files\JetBrains\IntelliJ IDEA 2022.1.2\jbr\bin\zip.dll


Dynamic libraries:
0x00007ff7a5e80000 - 0x00007ff7a5e8a000 	C:\Program Files\JetBrains\IntelliJ IDEA 2022.1.2\jbr\bin\java.exe
0x00007ffd48e70000 - 0x00007ffd49068000 	C:\WINDOWS\SYSTEM32\ntdll.dll
0x00007ffd48d70000 - 0x00007ffd48e2d000 	C:\WINDOWS\System32\KERNEL32.DLL
0x00007ffd467e0000 - 0x00007ffd46ad6000 	C:\WINDOWS\System32\KERNELBASE.dll
0x00007ffd46670000 - 0x00007ffd46770000 	C:\WINDOWS\System32\ucrtbase.dll
0x00007ffd41f10000 - 0x00007ffd41f29000 	C:\Program Files\JetBrains\IntelliJ IDEA 2022.1.2\jbr\bin\jli.dll
0x00007ffd230b0000 - 0x00007ffd230c6000 	C:\Program Files\JetBrains\IntelliJ IDEA 2022.1.2\jbr\bin\VCRUNTIME140.dll
0x00007ffd48a60000 - 0x00007ffd48bff000 	C:\WINDOWS\System32\USER32.dll
0x00007ffd2dc50000 - 0x00007ffd2deea000 	C:\WINDOWS\WinSxS\amd64_microsoft.windows.common-controls_6595b64144ccf1df_6.0.19041.3636_none_60b6a03d71f818d5\COMCTL32.dll
0x00007ffd46520000 - 0x00007ffd46542000 	C:\WINDOWS\System32\win32u.dll
0x00007ffd47520000 - 0x00007ffd4754b000 	C:\WINDOWS\System32\GDI32.dll
0x00007ffd47710000 - 0x00007ffd477ae000 	C:\WINDOWS\System32\msvcrt.dll
0x00007ffd46550000 - 0x00007ffd46667000 	C:\WINDOWS\System32\gdi32full.dll
0x00007ffd46ca0000 - 0x00007ffd46d3d000 	C:\WINDOWS\System32\msvcp_win.dll
0x00007ffd48a20000 - 0x00007ffd48a52000 	C:\WINDOWS\System32\IMM32.DLL
0x00007ffd079e0000 - 0x00007ffd07a8a000 	C:\Program Files\JetBrains\IntelliJ IDEA 2022.1.2\jbr\bin\msvcp140.dll
0x00007ffcd6570000 - 0x00007ffcd70eb000 	C:\Program Files\JetBrains\IntelliJ IDEA 2022.1.2\jbr\bin\server\jvm.dll
0x00007ffd46f10000 - 0x00007ffd46fc0000 	C:\WINDOWS\System32\ADVAPI32.dll
0x00007ffd47670000 - 0x00007ffd47710000 	C:\WINDOWS\System32\sechost.dll
0x00007ffd46fc0000 - 0x00007ffd470e3000 	C:\WINDOWS\System32\RPCRT4.dll
0x00007ffd46c70000 - 0x00007ffd46c97000 	C:\WINDOWS\System32\bcrypt.dll
0x00007ffd32a30000 - 0x00007ffd32a57000 	C:\WINDOWS\SYSTEM32\WINMM.dll
0x00007ffd47c20000 - 0x00007ffd47c28000 	C:\WINDOWS\System32\PSAPI.DLL
0x00007ffd22370000 - 0x00007ffd22379000 	C:\WINDOWS\SYSTEM32\WSOCK32.dll
0x00007ffd3ef00000 - 0x00007ffd3ef0a000 	C:\WINDOWS\SYSTEM32\VERSION.dll
0x00007ffd483a0000 - 0x00007ffd4840b000 	C:\WINDOWS\System32\WS2_32.dll
0x00007ffd44370000 - 0x00007ffd44382000 	C:\WINDOWS\SYSTEM32\kernel.appcore.dll
0x00007ffd41fa0000 - 0x00007ffd41fb1000 	C:\Program Files\JetBrains\IntelliJ IDEA 2022.1.2\jbr\bin\verify.dll
0x00007ffd38da0000 - 0x00007ffd38f84000 	C:\WINDOWS\SYSTEM32\DBGHELP.DLL
0x00007ffd25d00000 - 0x00007ffd25d34000 	C:\WINDOWS\SYSTEM32\dbgcore.DLL
0x00007ffd46ae0000 - 0x00007ffd46b62000 	C:\WINDOWS\System32\bcryptPrimitives.dll
0x00007ffd41f50000 - 0x00007ffd41f79000 	C:\Program Files\JetBrains\IntelliJ IDEA 2022.1.2\jbr\bin\java.dll
0x00007ffd41f90000 - 0x00007ffd41f9b000 	C:\Program Files\JetBrains\IntelliJ IDEA 2022.1.2\jbr\bin\jimage.dll
0x00007ffd41ed0000 - 0x00007ffd41ee9000 	C:\Program Files\JetBrains\IntelliJ IDEA 2022.1.2\jbr\bin\zip.dll

dbghelp: loaded successfully - version: 4.0.5 - missing functions: none
symbol engine: initialized successfully - sym options: 0x614 - pdb path: .;C:\Program Files\JetBrains\IntelliJ IDEA 2022.1.2\jbr\bin;C:\WINDOWS\SYSTEM32;C:\WINDOWS\WinSxS\amd64_microsoft.windows.common-controls_6595b64144ccf1df_6.0.19041.3636_none_60b6a03d71f818d5;C:\Program Files\JetBrains\IntelliJ IDEA 2022.1.2\jbr\bin\server

VM Arguments:
java_command: git4idea.http.GitAskPassApp Username for 'https://gitlab.com': 
java_class_path (initial): C:/Program Files/JetBrains/IntelliJ IDEA 2022.1.2/plugins/git4idea/lib/git4idea-rt.jar;C:/Program Files/JetBrains/IntelliJ IDEA 2022.1.2/lib/externalProcess-rt.jar;C:/Program Files/JetBrains/IntelliJ IDEA 2022.1.2/lib/app.jar;C:/Program Files/JetBrains/IntelliJ IDEA 2022.1.2/lib/3rd-party-rt.jar
Launcher Type: SUN_STANDARD

[Global flags]
     intx CICompilerCount                          = 4                                         {product} {ergonomic}
     uint ConcGCThreads                            = 2                                         {product} {ergonomic}
     uint G1ConcRefinementThreads                  = 8                                         {product} {ergonomic}
   size_t G1HeapRegionSize                         = 1048576                                   {product} {ergonomic}
    uintx GCDrainStackTargetSize                   = 64                                        {product} {ergonomic}
   size_t InitialHeapSize                          = 134217728                                 {product} {ergonomic}
   size_t MarkStackSize                            = 4194304                                   {product} {ergonomic}
   size_t MaxHeapSize                              = 2124414976                                {product} {ergonomic}
   size_t MinHeapDeltaBytes                        = 1048576                                   {product} {ergonomic}
    uintx NonNMethodCodeHeapSize                   = 5836300                                {pd product} {ergonomic}
    uintx NonProfiledCodeHeapSize                  = 122910970                              {pd product} {ergonomic}
    uintx ProfiledCodeHeapSize                     = 122910970                              {pd product} {ergonomic}
    uintx ReservedCodeCacheSize                    = 251658240                              {pd product} {ergonomic}
     bool SegmentedCodeCache                       = true                                      {product} {ergonomic}
     bool UseCompressedClassPointers               = true                                 {lp64_product} {ergonomic}
     bool UseCompressedOops                        = true                                 {lp64_product} {ergonomic}
     bool UseG1GC                                  = true                                      {product} {ergonomic}
     bool UseLargePagesIndividualAllocation        = false                                  {pd product} {ergonomic}

Logging:
Log output configuration:
 #0: stdout all=warning uptime,level,tags
 #1: stderr all=off uptime,level,tags

Environment Variables:
JAVA_HOME=C:\Program Files\Java\jdk-17.0.2
PATH=C:\Program Files\Git\mingw64\libexec\git-core;C:\Program Files\Git\mingw64\libexec\git-core;C:\Program Files\Git\mingw64\bin;C:\Program Files\Git\usr\bin;C:\Users\Евгений\bin;C:\Program Files\Microsoft MPI\Bin;C:\Program Files\Common Files\Oracle\Java\javapath;C:\Windows\system32;C:\Windows;C:\Windows\System32\Wbem;C:\Windows\System32\WindowsPowerShell\v1.0;C:\Windows\System32\OpenSSH;C:\Program Files\dotnet;C:\mongodb\bin;C:\Program Files\nodejs;C:\WINDOWS\system32;C:\WINDOWS;C:\WINDOWS\System32\Wbem;C:\WINDOWS\System32\WindowsPowerShell\v1.0;C:\WINDOWS\System32\OpenSSH;C:\Users\Евгений\AppData\Local\Microsoft\WindowsApps;C:\Users\Евгений\.dotnet\tools;C:\Program Files\IntelliJ IDEA Community Edition 2021.3.2\bin;C:\Program Files\Java\jdk-17.0.2\bin;C:\Program Files\JetBrains\DataGrip 2020.1\bin;C:\Program Files\JetBrains\IntelliJ IDEA 2022.1.2\bin;C:\Users\Евгений\AppData\Local\Programs\Microsoft VS Code\bin;C:\Users\Евгений\AppData\Roaming\npm;C:\adb;C:\Program Files\Git\cmd;C:\Program Files\Meld;C:\Users\Евгений\AppData\Local\Programs\Python\Python312\Scripts;C:\Users\Евгений\AppData\Local\Programs\Python\Python312;C:\Users\Евгений\AppData\Local\Programs\Python\Launcher;C:\Users\Евгений\AppData\Local\Microsoft\WindowsApps;C:\Users\Евгений\.dotnet\tools;C:\Program Files\IntelliJ IDEA Community Edition 2021.3.2\bin;C:\Program Files\Java\jdk-17.0.2\bin;C:\Program Files\JetBrains\DataGrip 2020.1\bin;C:\Program Files\JetBrains\IntelliJ IDEA 2022.1.2\bin;C:\Users\Евгений\AppData\Local\Programs\Microsoft VS Code\bin;C:\Program Files\nodejs;C:\Users\Евгений\AppData\Roaming\npm;C:\Program Files\Git\usr\bin;C:\Program Files\Meld;C:\Program Files\Microsoft MPI\Bin
USERNAME=Евгений
DISPLAY=:0.0
LC_ALL=en_US.UTF-8
OS=Windows_NT
PROCESSOR_IDENTIFIER=Intel64 Family 6 Model 142 Stepping 10, GenuineIntel



---------------  S Y S T E M  ---------------

OS: Windows 10 , 64 bit Build 19041 (10.0.19041.3636)
OS uptime: 2 days 0:52 hours
Hyper-V role detected

CPU:total 8 (initial active 8) (4 cores per cpu, 2 threads per core) family 6 model 142 stepping 10 microcode 0xf0, cmov, cx8, fxsr, mmx, sse, sse2, sse3, ssse3, sse4.1, sse4.2, popcnt, avx, avx2, aes, clmul, erms, 3dnowpref, lzcnt, ht, tsc, tscinvbit, bmi1, bmi2, adx, fma

Memory: 4k page, system-wide physical 8098M (877M free)
TotalPageFile size 17098M (AvailPageFile size 20M)
current process WorkingSet (physical memory assigned to process): 10M, peak: 10M
current process commit charge ("private bytes"): 60M, peak: 187M

vm_info: OpenJDK 64-Bit Server VM (11.0.15+10-b2043.56) for windows-amd64 JRE (11.0.15+10-b2043.56), built on May 16 2022 02:28:12 by "" with MS VC++ 14.0 (VS2015)

END.
